Watching for file changes with StatReloader
Performing system checks...

System check identified no issues (0 silenced).
August 01, 2022 - 10:39:39
Django version 4.0.6, using settings 'djangobackend.settings'
Starting development server at http://127.0.0.1:8000/
Quit the server with CONTROL-C.
Watching for file changes with StatReloader
Performing system checks...

System check identified no issues (0 silenced).
August 01, 2022 - 10:39:50
Django version 4.0.6, using settings 'djangobackend.settings'
Starting development server at http://127.0.0.1:8000/
Quit the server with CONTROL-C.
Watching for file changes with StatReloader
Performing system checks...

System check identified no issues (0 silenced).
August 01, 2022 - 10:39:58
Django version 4.0.6, using settings 'djangobackend.settings'
Starting development server at http://127.0.0.1:8000/
Quit the server with CONTROL-C.
Error: That port is already in use.
[01/Aug/2022 10:40:04] "GET / HTTP/1.1" 200 644
[01/Aug/2022 10:40:05] "GET /static/css/main.073c9b0a.css HTTP/1.1" 304 0
[01/Aug/2022 10:40:05] "GET /static/js/main.49678081.js HTTP/1.1" 304 0
[01/Aug/2022 10:40:05] "GET /static/media/logo.6ce24c58023cc2f8fd88fe9d219db6c6.svg HTTP/1.1" 304 0
Not Found: /manifest.json
Not Found: /favicon.ico
[01/Aug/2022 10:40:05] "GET /manifest.json HTTP/1.1" 404 2223
[01/Aug/2022 10:40:05] "GET /favicon.ico HTTP/1.1" 404 2217
Watching for file changes with StatReloader
Performing system checks...

System check identified no issues (0 silenced).
August 01, 2022 - 10:41:42
Django version 4.0.6, using settings 'djangobackend.settings'
Starting development server at http://127.0.0.1:8000/
Quit the server with CONTROL-C.
[01/Aug/2022 10:41:46] "GET / HTTP/1.1" 200 644
Not Found: /manifest.json
[01/Aug/2022 10:41:46] "GET /manifest.json HTTP/1.1" 404 2223
Watching for file changes with StatReloader
Performing system checks...

System check identified no issues (0 silenced).
August 01, 2022 - 10:41:56
Django version 4.0.6, using settings 'djangobackend.settings'
Starting development server at http://127.0.0.1:8000/
Quit the server with CONTROL-C.
[01/Aug/2022 10:41:59] "GET / HTTP/1.1" 200 644
Not Found: /manifest.json
[01/Aug/2022 10:41:59] "GET /manifest.json HTTP/1.1" 404 2223
Watching for file changes with StatReloader
Performing system checks...

System check identified no issues (0 silenced).
August 01, 2022 - 10:42:32
Django version 4.0.6, using settings 'djangobackend.settings'
Starting development server at http://127.0.0.1:8000/
Quit the server with CONTROL-C.
Watching for file changes with StatReloader
[01/Aug/2022 10:53:59] "GET / HTTP/1.1" 200 644
Not Found: /manifest.json
[01/Aug/2022 10:53:59] "GET /manifest.json HTTP/1.1" 404 2223
[01/Aug/2022 10:54:11] "GET / HTTP/1.1" 200 644
Not Found: /manifest.json
[01/Aug/2022 10:54:11] "GET /manifest.json HTTP/1.1" 404 2223
[01/Aug/2022 10:54:13] "GET / HTTP/1.1" 200 644
Not Found: /manifest.json
[01/Aug/2022 10:54:13] "GET /manifest.json HTTP/1.1" 404 2223
Watching for file changes with StatReloader
Watching for file changes with StatReloader
Watching for file changes with StatReloader
[01/Aug/2022 10:55:51] "GET / HTTP/1.1" 200 644
Not Found: /manifest.json
[01/Aug/2022 10:55:51] "GET /manifest.json HTTP/1.1" 404 2223
Watching for file changes with StatReloader
Performing system checks...

System check identified no issues (0 silenced).
August 01, 2022 - 11:18:14
Django version 4.0.6, using settings 'djangobackend.settings'
Starting development server at http://127.0.0.1:8000/
Quit the server with CONTROL-C.
[01/Aug/2022 11:18:22] "GET / HTTP/1.1" 200 644
Not Found: /manifest.json
[01/Aug/2022 11:18:22] "GET /manifest.json HTTP/1.1" 404 2223
Watching for file changes with StatReloader
Performing system checks...

System check identified no issues (0 silenced).
August 01, 2022 - 11:18:44
Django version 4.0.6, using settings 'djangobackend.settings'
Starting development server at http://127.0.0.1:8000/
Quit the server with CONTROL-C.
[01/Aug/2022 11:18:49] "GET / HTTP/1.1" 200 644
Not Found: /manifest.json
[01/Aug/2022 11:18:49] "GET /manifest.json HTTP/1.1" 404 2223
